07-08-2025 13:02:35 [main] INFO  BaseTest:40 - <<<< Setting Up all the configs before Run >>>> 
07-08-2025 13:02:35 [main] INFO  BaseTest:50 - Starting the execution for TestSuite ==> Default Suite with Tags 
07-08-2025 13:02:35 [main] INFO  BaseTest:55 - Starting the execution for Test ==> telerik-selenium-web-framework
07-08-2025 13:02:40 [main] INFO  MyListener:40 - 🟡 Starting Test: ServicesTest => fieldsOnThePageTest
07-08-2025 13:02:40 [main] INFO  ElementUtil:51 -  Consulting is present on the page.
07-08-2025 13:02:41 [main] INFO  ElementUtil:51 -  Telerik Consulting is present on the page.
07-08-2025 13:02:41 [main] INFO  MyListener:53 - ✅ Test Passed: ServicesTest => fieldsOnThePageTest
07-08-2025 13:02:41 [main] INFO  BaseTest:83 - Quitting the driver =====> chrome
07-08-2025 13:02:44 [main] INFO  MyListener:40 - 🟡 Starting Test: ServicesTest => isTalkToAConsultantButtonPresentTest
07-08-2025 13:02:44 [main] INFO  MyListener:53 - ✅ Test Passed: ServicesTest => isTalkToAConsultantButtonPresentTest
07-08-2025 13:02:44 [main] INFO  BaseTest:83 - Quitting the driver =====> chrome
07-08-2025 13:02:48 [main] INFO  MyListener:40 - 🟡 Starting Test: ServicesTest => serviceApiCall
07-08-2025 13:02:48 [main] INFO  ServicesTest:37 - This is serviceApiCall function
07-08-2025 13:02:51 [main] INFO  ServicesTest:40 - Duplicate call to getRequest
07-08-2025 13:02:53 [main] INFO  MyListener:53 - ✅ Test Passed: ServicesTest => serviceApiCall
07-08-2025 13:02:53 [main] INFO  BaseTest:83 - Quitting the driver =====> chrome
07-08-2025 13:02:57 [main] INFO  MyListener:40 - 🟡 Starting Test: ServicesTest => serviceTestB
07-08-2025 13:02:57 [main] INFO  ServicesTest:46 - This is serviceTestB function
07-08-2025 13:02:59 [main] INFO  MyListener:53 - ✅ Test Passed: ServicesTest => serviceTestB
07-08-2025 13:02:59 [main] INFO  BaseTest:83 - Quitting the driver =====> chrome
07-08-2025 13:02:59 [main] INFO  BaseTest:91 - Ending the execution for Test ==> telerik-selenium-web-framework. 


07-08-2025 13:02:59 [main] INFO  BaseTest:96 - <<<< Closing Up all the configs after Run >>>> 
